0 info it worked if it ends with ok
1 verbose cli [ 'C:\\Program Files (x86)\\Nodist\\v-x64\\nodev6.5.0\\node.exe',
1 verbose cli   'C:\\Program Files (x86)\\Nodist\\bin\\node_modules\\npm\\bin\\npm-cli.js',
1 verbose cli   'run',
1 verbose cli   'build' ]
2 info using npm@4.0.2
3 info using node@v6.5.0
4 verbose run-script [ 'prebuild', 'build', 'postbuild' ]
5 info lifecycle react-like-button@1.0.0~prebuild: react-like-button@1.0.0
6 warn lifecycle The node binary used for scripts is C:\Program Files (x86)\Nodist\bin\node.exe but npm is using C:\Program Files (x86)\Nodist\v-x64\nodev6.5.0\node.exe itself. Use the `--scripts-prepend-node-path` option to include the path for the node binary npm was executed with.
7 silly lifecycle react-like-button@1.0.0~prebuild: no script for prebuild, continuing
8 info lifecycle react-like-button@1.0.0~build: react-like-button@1.0.0
9 verbose lifecycle react-like-button@1.0.0~build: unsafe-perm in lifecycle true
10 verbose lifecycle react-like-button@1.0.0~build: PATH: C:\Program Files (x86)\Nodist\bin\node_modules\npm\bin\node-gyp-bin;C:\Users\ohnishi-y\Documents\works\dev\dev_react\react-like-button\node_modules\.bin;C:\Program Files\ConEmu\ConEmu\Scripts;C:\Program Files\ConEmu;C:\Program Files\ConEmu\ConEmu;C:\ProgramData\Oracle\Java\javapath;C:\Program Files (x86)\Nodist\bin;C:\HashiCorp\Vagrant\bin;C:\Program Files (x86)\Gow\bin;C:\Ruby23-x64\bin;C:\Users\ohnishi-y\Documents\works\yokohama_arena\html\htdocs;C:\Program Files (x86)\Git\bin;C:\Program Files (x86)\Nodist\bin
11 verbose lifecycle react-like-button@1.0.0~build: CWD: C:\Users\ohnishi-y\Documents\works\dev\dev_react\react-like-button
12 silly lifecycle react-like-button@1.0.0~build: Args: [ '/d /s /c', 'rm -rf dist/*.js && webpack' ]
13 silly lifecycle react-like-button@1.0.0~build: Returned: code: 1  signal: null
14 info lifecycle react-like-button@1.0.0~build: Failed to exec build script
15 verbose stack Error: react-like-button@1.0.0 build: `rm -rf dist/*.js && webpack`
15 verbose stack Exit status 1
15 verbose stack     at EventEmitter.<anonymous> (C:\Program Files (x86)\Nodist\bin\node_modules\npm\lib\utils\lifecycle.js:279:16)
15 verbose stack     at emitTwo (events.js:106:13)
15 verbose stack     at EventEmitter.emit (events.js:191:7)
15 verbose stack     at ChildProcess.<anonymous> (C:\Program Files (x86)\Nodist\bin\node_modules\npm\lib\utils\spawn.js:40:14)
15 verbose stack     at emitTwo (events.js:106:13)
15 verbose stack     at ChildProcess.emit (events.js:191:7)
15 verbose stack     at maybeClose (internal/child_process.js:877:16)
15 verbose stack     at Process.ChildProcess._handle.onexit (internal/child_process.js:226:5)
16 verbose pkgid react-like-button@1.0.0
17 verbose cwd C:\Users\ohnishi-y\Documents\works\dev\dev_react\react-like-button
18 error Windows_NT 6.1.7601
19 error argv "C:\\Program Files (x86)\\Nodist\\v-x64\\nodev6.5.0\\node.exe" "C:\\Program Files (x86)\\Nodist\\bin\\node_modules\\npm\\bin\\npm-cli.js" "run" "build"
20 error node v6.5.0
21 error npm  v4.0.2
22 error code ELIFECYCLE
23 error react-like-button@1.0.0 build: `rm -rf dist/*.js && webpack`
23 error Exit status 1
24 error Failed at the react-like-button@1.0.0 build script 'rm -rf dist/*.js && webpack'.
24 error Make sure you have the latest version of node.js and npm installed.
24 error If you do, this is most likely a problem with the react-like-button package,
24 error not with npm itself.
24 error Tell the author that this fails on your system:
24 error     rm -rf dist/*.js && webpack
24 error You can get information on how to open an issue for this project with:
24 error     npm bugs react-like-button
24 error Or if that isn't available, you can get their info via:
24 error     npm owner ls react-like-button
24 error There is likely additional logging output above.
25 verbose exit [ 1, true ]
